13:02:37 [DEBUG]	######### Processor dump ######
13:02:37 [DEBUG]	Processor status: 2 
13:02:37 [DEBUG]	IP value: 0100
13:02:37 [DEBUG]	Proc code dump:
13:02:37 [DEBUG]	########################################################################################################################################################
13:02:37 [DEBUG]	#00 00 00 00 00 00 00 00 00 00 00 00 00 00 00 00 00 00 00 00 00 00 00 00 00 [1;31m21 [0mA7 00 00 00 42 02 00 00 00 30 22 00 00 00 E2 02 00 00 00 08 00 00 00 E1 #
13:02:37 [DEBUG]	########################################################################################################################################################
13:02:37 [DEBUG]	Proc reg dump
13:02:37 [DEBUG]	#############################################################
13:02:37 [DEBUG]	#            0 #            0 #            0 #            0 #
13:02:37 [DEBUG]	#############################################################
13:02:37 [DEBUG]	Proc mem dump
13:02:37 [DEBUG]	####[32m000[0m######[32m001[0m######[32m002[0m######[32m003[0m######[32m004[0m######[32m005[0m######[32m006[0m######[32m007[0m######[32m008[0m######[32m009[0m######[32m00a[0m######[32m00b[0m######[32m00c[0m######[32m00d[0m######[32m00e[0m######[32m00f[0m######[32m010[0m######[32m011[0m######[32m012[0m######[32m013[0m####
13:02:37 [DEBUG]	#00000000 00000000 00000000 00000000 00000000 00000000 00000000 00000000 00000000 00000000 00000000 00000000 00000000 00000000 00000000 00000000 00000000 00000000 00000000 00000000 #
13:02:37 [DEBUG]	######################################################################################################################################################################################
13:02:37 [DEBUG]	Proc stack dump:
13:02:37 [DEBUG]	############
13:02:37 [DEBUG]	############
13:02:37 [DEBUG]	Command 21: push
13:02:37 [DEBUG]	######### Processor dump ######
13:02:37 [DEBUG]	Processor status: 2 
13:02:37 [DEBUG]	IP value: 0105
13:02:37 [DEBUG]	Proc code dump:
13:02:37 [DEBUG]	########################################################################################################################################################
13:02:37 [DEBUG]	#00 00 00 00 00 00 00 00 00 00 00 00 00 00 00 00 00 00 00 00 21 A7 00 00 00 [1;31m42 [0m02 00 00 00 30 22 00 00 00 E2 02 00 00 00 08 00 00 00 E1 02 00 00 00 00 #
13:02:37 [DEBUG]	########################################################################################################################################################
13:02:37 [DEBUG]	Proc reg dump
13:02:37 [DEBUG]	#############################################################
13:02:37 [DEBUG]	#            0 #            0 #            0 #            0 #
13:02:37 [DEBUG]	#############################################################
13:02:37 [DEBUG]	Proc mem dump
13:02:37 [DEBUG]	####[32m000[0m######[32m001[0m######[32m002[0m######[32m003[0m######[32m004[0m######[32m005[0m######[32m006[0m######[32m007[0m######[32m008[0m######[32m009[0m######[32m00a[0m######[32m00b[0m######[32m00c[0m######[32m00d[0m######[32m00e[0m######[32m00f[0m######[32m010[0m######[32m011[0m######[32m012[0m######[32m013[0m####
13:02:37 [DEBUG]	#00000000 00000000 00000000 00000000 00000000 00000000 00000000 00000000 00000000 00000000 00000000 00000000 00000000 00000000 00000000 00000000 00000000 00000000 00000000 00000000 #
13:02:37 [DEBUG]	######################################################################################################################################################################################
13:02:37 [DEBUG]	Proc stack dump:
13:02:37 [DEBUG]	############
13:02:37 [DEBUG]	#      167 #
13:02:37 [DEBUG]	############
13:02:37 [DEBUG]	Command 42: pop
13:02:37 [DEBUG]	######### Processor dump ######
13:02:37 [DEBUG]	Processor status: 2 
13:02:37 [DEBUG]	IP value: 010a
13:02:37 [DEBUG]	Proc code dump:
13:02:37 [DEBUG]	########################################################################################################################################################
13:02:37 [DEBUG]	#00 00 00 00 00 00 00 00 00 00 00 00 00 00 00 21 A7 00 00 00 42 02 00 00 00 [1;31m30 [0m22 00 00 00 E2 02 00 00 00 08 00 00 00 E1 02 00 00 00 00 00 00 00 21 0A #
13:02:37 [DEBUG]	########################################################################################################################################################
13:02:37 [DEBUG]	Proc reg dump
13:02:37 [DEBUG]	#############################################################
13:02:37 [DEBUG]	#            0 #          167 #            0 #            0 #
13:02:37 [DEBUG]	#############################################################
13:02:37 [DEBUG]	Proc mem dump
13:02:37 [DEBUG]	####[32m000[0m######[32m001[0m######[32m002[0m######[32m003[0m######[32m004[0m######[32m005[0m######[32m006[0m######[32m007[0m######[32m008[0m######[32m009[0m######[32m00a[0m######[32m00b[0m######[32m00c[0m######[32m00d[0m######[32m00e[0m######[32m00f[0m######[32m010[0m######[32m011[0m######[32m012[0m######[32m013[0m####
13:02:37 [DEBUG]	#00000000 00000000 00000000 00000000 00000000 00000000 00000000 00000000 00000000 00000000 00000000 00000000 00000000 00000000 00000000 00000000 00000000 00000000 00000000 00000000 #
13:02:37 [DEBUG]	######################################################################################################################################################################################
13:02:37 [DEBUG]	Proc stack dump:
13:02:37 [DEBUG]	############
13:02:37 [DEBUG]	############
13:02:37 [DEBUG]	Command 30: jmp
13:02:37 [DEBUG]	######### Processor dump ######
13:02:37 [DEBUG]	Processor status: 2 
13:02:37 [DEBUG]	IP value: 0131
13:02:37 [DEBUG]	Proc code dump:
13:02:37 [DEBUG]	########################################################################################################################################################
13:02:37 [DEBUG]	#E1 02 00 00 00 00 00 00 00 21 0A 00 00 00 03 E1 02 00 00 00 08 00 00 00 19 [1;31m61 [0m02 00 00 00 01 00 00 00 42 04 00 00 00 21 00 00 00 00 E2 02 00 00 00 00 #
13:02:37 [DEBUG]	########################################################################################################################################################
13:02:37 [DEBUG]	Proc reg dump
13:02:37 [DEBUG]	#############################################################
13:02:37 [DEBUG]	#            0 #          167 #            0 #            0 #
13:02:37 [DEBUG]	#############################################################
13:02:37 [DEBUG]	Proc mem dump
13:02:37 [DEBUG]	####[32m000[0m######[32m001[0m######[32m002[0m######[32m003[0m######[32m004[0m######[32m005[0m######[32m006[0m######[32m007[0m######[32m008[0m######[32m009[0m######[32m00a[0m######[32m00b[0m######[32m00c[0m######[32m00d[0m######[32m00e[0m######[32m00f[0m######[32m010[0m######[32m011[0m######[32m012[0m######[32m013[0m####
13:02:37 [DEBUG]	#00000000 00000000 00000000 00000000 00000000 00000000 00000000 00000000 00000000 00000000 00000000 00000000 00000000 00000000 00000000 00000000 00000000 00000000 00000000 00000000 #
13:02:37 [DEBUG]	######################################################################################################################################################################################
13:02:37 [DEBUG]	Proc stack dump:
13:02:37 [DEBUG]	############
13:02:37 [DEBUG]	############
13:02:37 [DEBUG]	Command 61: push
13:02:37 [DEBUG]	######### Processor dump ######
13:02:37 [DEBUG]	Processor status: 2 
13:02:37 [DEBUG]	IP value: 013a
13:02:37 [DEBUG]	Proc code dump:
13:02:37 [DEBUG]	########################################################################################################################################################
13:02:37 [DEBUG]	#21 0A 00 00 00 03 E1 02 00 00 00 08 00 00 00 19 61 02 00 00 00 01 00 00 00 [1;31m42 [0m04 00 00 00 21 00 00 00 00 E2 02 00 00 00 00 00 00 00 E1 02 00 00 00 00 #
13:02:37 [DEBUG]	########################################################################################################################################################
13:02:37 [DEBUG]	Proc reg dump
13:02:37 [DEBUG]	#############################################################
13:02:37 [DEBUG]	#            0 #          167 #            0 #            0 #
13:02:37 [DEBUG]	#############################################################
13:02:37 [DEBUG]	Proc mem dump
13:02:37 [DEBUG]	####[32m000[0m######[32m001[0m######[32m002[0m######[32m003[0m######[32m004[0m######[32m005[0m######[32m006[0m######[32m007[0m######[32m008[0m######[32m009[0m######[32m00a[0m######[32m00b[0m######[32m00c[0m######[32m00d[0m######[32m00e[0m######[32m00f[0m######[32m010[0m######[32m011[0m######[32m012[0m######[32m013[0m####
13:02:37 [DEBUG]	#00000000 00000000 00000000 00000000 00000000 00000000 00000000 00000000 00000000 00000000 00000000 00000000 00000000 00000000 00000000 00000000 00000000 00000000 00000000 00000000 #
13:02:37 [DEBUG]	######################################################################################################################################################################################
13:02:37 [DEBUG]	Proc stack dump:
13:02:37 [DEBUG]	############
13:02:37 [DEBUG]	#      168 #
13:02:37 [DEBUG]	############
13:02:37 [DEBUG]	Command 42: pop
13:02:37 [DEBUG]	######### Processor dump ######
13:02:37 [DEBUG]	Processor status: 2 
13:02:37 [DEBUG]	IP value: 013f
13:02:37 [DEBUG]	Proc code dump:
13:02:37 [DEBUG]	########################################################################################################################################################
13:02:37 [DEBUG]	#03 E1 02 00 00 00 08 00 00 00 19 61 02 00 00 00 01 00 00 00 42 04 00 00 00 [1;31m21 [0m00 00 00 00 E2 02 00 00 00 00 00 00 00 E1 02 00 00 00 00 00 00 00 42 04 #
13:02:37 [DEBUG]	########################################################################################################################################################
13:02:37 [DEBUG]	Proc reg dump
13:02:37 [DEBUG]	#############################################################
13:02:37 [DEBUG]	#            0 #          167 #            0 #          168 #
13:02:37 [DEBUG]	#############################################################
13:02:37 [DEBUG]	Proc mem dump
13:02:37 [DEBUG]	####[32m000[0m######[32m001[0m######[32m002[0m######[32m003[0m######[32m004[0m######[32m005[0m######[32m006[0m######[32m007[0m######[32m008[0m######[32m009[0m######[32m00a[0m######[32m00b[0m######[32m00c[0m######[32m00d[0m######[32m00e[0m######[32m00f[0m######[32m010[0m######[32m011[0m######[32m012[0m######[32m013[0m####
13:02:37 [DEBUG]	#00000000 00000000 00000000 00000000 00000000 00000000 00000000 00000000 00000000 00000000 00000000 00000000 00000000 00000000 00000000 00000000 00000000 00000000 00000000 00000000 #
13:02:37 [DEBUG]	######################################################################################################################################################################################
13:02:37 [DEBUG]	Proc stack dump:
13:02:37 [DEBUG]	############
13:02:37 [DEBUG]	############
13:02:37 [DEBUG]	Command 21: push
13:02:37 [DEBUG]	######### Processor dump ######
13:02:37 [DEBUG]	Processor status: 2 
13:02:37 [DEBUG]	IP value: 0144
13:02:37 [DEBUG]	Proc code dump:
13:02:37 [DEBUG]	########################################################################################################################################################
13:02:37 [DEBUG]	#00 08 00 00 00 19 61 02 00 00 00 01 00 00 00 42 04 00 00 00 21 00 00 00 00 [1;31mE2 [0m02 00 00 00 00 00 00 00 E1 02 00 00 00 00 00 00 00 42 04 00 00 00 41 02 #
13:02:37 [DEBUG]	########################################################################################################################################################
13:02:37 [DEBUG]	Proc reg dump
13:02:37 [DEBUG]	#############################################################
13:02:37 [DEBUG]	#            0 #          167 #            0 #          168 #
13:02:37 [DEBUG]	#############################################################
13:02:37 [DEBUG]	Proc mem dump
13:02:37 [DEBUG]	####[32m000[0m######[32m001[0m######[32m002[0m######[32m003[0m######[32m004[0m######[32m005[0m######[32m006[0m######[32m007[0m######[32m008[0m######[32m009[0m######[32m00a[0m######[32m00b[0m######[32m00c[0m######[32m00d[0m######[32m00e[0m######[32m00f[0m######[32m010[0m######[32m011[0m######[32m012[0m######[32m013[0m####
13:02:37 [DEBUG]	#00000000 00000000 00000000 00000000 00000000 00000000 00000000 00000000 00000000 00000000 00000000 00000000 00000000 00000000 00000000 00000000 00000000 00000000 00000000 00000000 #
13:02:37 [DEBUG]	######################################################################################################################################################################################
13:02:37 [DEBUG]	Proc stack dump:
13:02:37 [DEBUG]	############
13:02:37 [DEBUG]	#        0 #
13:02:37 [DEBUG]	############
13:02:37 [DEBUG]	Command FFFFFFE2: pop
13:02:37 [DEBUG]	######### Processor dump ######
13:02:37 [DEBUG]	Processor status: 2 
13:02:37 [DEBUG]	IP value: 014d
13:02:37 [DEBUG]	Proc code dump:
13:02:37 [DEBUG]	########################################################################################################################################################
13:02:37 [DEBUG]	#00 00 01 00 00 00 42 04 00 00 00 21 00 00 00 00 E2 02 00 00 00 00 00 00 00 [1;31mE1 [0m02 00 00 00 00 00 00 00 42 04 00 00 00 41 02 00 00 00 21 04 00 00 00 03 #
13:02:37 [DEBUG]	########################################################################################################################################################
13:02:37 [DEBUG]	Proc reg dump
13:02:37 [DEBUG]	#############################################################
13:02:37 [DEBUG]	#            0 #          167 #            0 #          168 #
13:02:37 [DEBUG]	#############################################################
13:02:37 [DEBUG]	Proc mem dump
13:02:37 [DEBUG]	####[32m000[0m######[32m001[0m######[32m002[0m######[32m003[0m######[32m004[0m######[32m005[0m######[32m006[0m######[32m007[0m######[32m008[0m######[32m009[0m######[32m00a[0m######[32m00b[0m######[32m00c[0m######[32m00d[0m######[32m00e[0m######[32m00f[0m######[32m010[0m######[32m011[0m######[32m012[0m######[32m013[0m####
13:02:37 [DEBUG]	#00000000 00000000 00000000 00000000 00000000 00000000 00000000 00000000 00000000 00000000 00000000 00000000 00000000 00000000 00000000 00000000 00000000 00000000 00000000 00000000 #
13:02:37 [DEBUG]	######################################################################################################################################################################################
13:02:37 [DEBUG]	Proc stack dump:
13:02:37 [DEBUG]	############
13:02:37 [DEBUG]	############
13:02:37 [DEBUG]	Command FFFFFFE1: push
13:02:37 [DEBUG]	######### Processor dump ######
13:02:37 [DEBUG]	Processor status: 2 
13:02:37 [DEBUG]	IP value: 0156
13:02:37 [DEBUG]	Proc code dump:
13:02:37 [DEBUG]	########################################################################################################################################################
13:02:37 [DEBUG]	#00 00 21 00 00 00 00 E2 02 00 00 00 00 00 00 00 E1 02 00 00 00 00 00 00 00 [1;31m42 [0m04 00 00 00 41 02 00 00 00 21 04 00 00 00 03 42 02 00 00 00 21 09 00 00 #
13:02:37 [DEBUG]	########################################################################################################################################################
13:02:37 [DEBUG]	Proc reg dump
13:02:37 [DEBUG]	#############################################################
13:02:37 [DEBUG]	#            0 #          167 #            0 #          168 #
13:02:37 [DEBUG]	#############################################################
13:02:37 [DEBUG]	Proc mem dump
13:02:37 [DEBUG]	####[32m000[0m######[32m001[0m######[32m002[0m######[32m003[0m######[32m004[0m######[32m005[0m######[32m006[0m######[32m007[0m######[32m008[0m######[32m009[0m######[32m00a[0m######[32m00b[0m######[32m00c[0m######[32m00d[0m######[32m00e[0m######[32m00f[0m######[32m010[0m######[32m011[0m######[32m012[0m######[32m013[0m####
13:02:37 [DEBUG]	#00000000 00000000 00000000 00000000 00000000 00000000 00000000 00000000 00000000 00000000 00000000 00000000 00000000 00000000 00000000 00000000 00000000 00000000 00000000 00000000 #
13:02:37 [DEBUG]	######################################################################################################################################################################################
13:02:37 [DEBUG]	Proc stack dump:
13:02:37 [DEBUG]	############
13:02:37 [DEBUG]	#        0 #
13:02:37 [DEBUG]	############
13:02:37 [DEBUG]	Command 42: pop
13:02:37 [DEBUG]	######### Processor dump ######
13:02:37 [DEBUG]	Processor status: 2 
13:02:37 [DEBUG]	IP value: 015b
13:02:37 [DEBUG]	Proc code dump:
13:02:37 [DEBUG]	########################################################################################################################################################
13:02:37 [DEBUG]	#00 00 E2 02 00 00 00 00 00 00 00 E1 02 00 00 00 00 00 00 00 42 04 00 00 00 [1;31m41 [0m02 00 00 00 21 04 00 00 00 03 42 02 00 00 00 21 09 00 00 00 E2 02 00 00 #
13:02:37 [DEBUG]	########################################################################################################################################################
13:02:37 [DEBUG]	Proc reg dump
13:02:37 [DEBUG]	#############################################################
13:02:37 [DEBUG]	#            0 #          167 #            0 #            0 #
13:02:37 [DEBUG]	#############################################################
13:02:37 [DEBUG]	Proc mem dump
13:02:37 [DEBUG]	####[32m000[0m######[32m001[0m######[32m002[0m######[32m003[0m######[32m004[0m######[32m005[0m######[32m006[0m######[32m007[0m######[32m008[0m######[32m009[0m######[32m00a[0m######[32m00b[0m######[32m00c[0m######[32m00d[0m######[32m00e[0m######[32m00f[0m######[32m010[0m######[32m011[0m######[32m012[0m######[32m013[0m####
13:02:37 [DEBUG]	#00000000 00000000 00000000 00000000 00000000 00000000 00000000 00000000 00000000 00000000 00000000 00000000 00000000 00000000 00000000 00000000 00000000 00000000 00000000 00000000 #
13:02:37 [DEBUG]	######################################################################################################################################################################################
13:02:37 [DEBUG]	Proc stack dump:
13:02:37 [DEBUG]	############
13:02:37 [DEBUG]	############
13:02:37 [DEBUG]	Command 41: push
13:02:37 [DEBUG]	######### Processor dump ######
13:02:37 [DEBUG]	Processor status: 2 
13:02:37 [DEBUG]	IP value: 0160
13:02:37 [DEBUG]	Proc code dump:
13:02:37 [DEBUG]	########################################################################################################################################################
13:02:37 [DEBUG]	#00 00 00 00 00 00 E1 02 00 00 00 00 00 00 00 42 04 00 00 00 41 02 00 00 00 [1;31m21 [0m04 00 00 00 03 42 02 00 00 00 21 09 00 00 00 E2 02 00 00 00 00 00 00 00 #
13:02:37 [DEBUG]	########################################################################################################################################################
13:02:37 [DEBUG]	Proc reg dump
13:02:37 [DEBUG]	#############################################################
13:02:37 [DEBUG]	#            0 #          167 #            0 #            0 #
13:02:37 [DEBUG]	#############################################################
13:02:37 [DEBUG]	Proc mem dump
13:02:37 [DEBUG]	####[32m000[0m######[32m001[0m######[32m002[0m######[32m003[0m######[32m004[0m######[32m005[0m######[32m006[0m######[32m007[0m######[32m008[0m######[32m009[0m######[32m00a[0m######[32m00b[0m######[32m00c[0m######[32m00d[0m######[32m00e[0m######[32m00f[0m######[32m010[0m######[32m011[0m######[32m012[0m######[32m013[0m####
13:02:37 [DEBUG]	#00000000 00000000 00000000 00000000 00000000 00000000 00000000 00000000 00000000 00000000 00000000 00000000 00000000 00000000 00000000 00000000 00000000 00000000 00000000 00000000 #
13:02:37 [DEBUG]	######################################################################################################################################################################################
13:02:37 [DEBUG]	Proc stack dump:
13:02:37 [DEBUG]	############
13:02:37 [DEBUG]	#      167 #
13:02:37 [DEBUG]	############
13:02:37 [DEBUG]	Command 21: push
13:02:37 [DEBUG]	######### Processor dump ######
13:02:37 [DEBUG]	Processor status: 2 
13:02:37 [DEBUG]	IP value: 0165
13:02:37 [DEBUG]	Proc code dump:
13:02:37 [DEBUG]	########################################################################################################################################################
13:02:37 [DEBUG]	#00 E1 02 00 00 00 00 00 00 00 42 04 00 00 00 41 02 00 00 00 21 04 00 00 00 [1;31m03 [0m42 02 00 00 00 21 09 00 00 00 E2 02 00 00 00 00 00 00 00 21 00 00 00 00 #
13:02:37 [DEBUG]	########################################################################################################################################################
13:02:37 [DEBUG]	Proc reg dump
13:02:37 [DEBUG]	#############################################################
13:02:37 [DEBUG]	#            0 #          167 #            0 #            0 #
13:02:37 [DEBUG]	#############################################################
13:02:37 [DEBUG]	Proc mem dump
13:02:37 [DEBUG]	####[32m000[0m######[32m001[0m######[32m002[0m######[32m003[0m######[32m004[0m######[32m005[0m######[32m006[0m######[32m007[0m######[32m008[0m######[32m009[0m######[32m00a[0m######[32m00b[0m######[32m00c[0m######[32m00d[0m######[32m00e[0m######[32m00f[0m######[32m010[0m######[32m011[0m######[32m012[0m######[32m013[0m####
13:02:37 [DEBUG]	#00000000 00000000 00000000 00000000 00000000 00000000 00000000 00000000 00000000 00000000 00000000 00000000 00000000 00000000 00000000 00000000 00000000 00000000 00000000 00000000 #
13:02:37 [DEBUG]	######################################################################################################################################################################################
13:02:37 [DEBUG]	Proc stack dump:
13:02:37 [DEBUG]	############
13:02:37 [DEBUG]	#        4 #
13:02:37 [DEBUG]	#      167 #
13:02:37 [DEBUG]	############
13:02:37 [DEBUG]	Command 03: add
13:02:37 [DEBUG]	######### Processor dump ######
13:02:37 [DEBUG]	Processor status: 2 
13:02:37 [DEBUG]	IP value: 0166
13:02:37 [DEBUG]	Proc code dump:
13:02:37 [DEBUG]	########################################################################################################################################################
13:02:37 [DEBUG]	#E1 02 00 00 00 00 00 00 00 42 04 00 00 00 41 02 00 00 00 21 04 00 00 00 03 [1;31m42 [0m02 00 00 00 21 09 00 00 00 E2 02 00 00 00 00 00 00 00 21 00 00 00 00 E2 #
13:02:37 [DEBUG]	########################################################################################################################################################
13:02:37 [DEBUG]	Proc reg dump
13:02:37 [DEBUG]	#############################################################
13:02:37 [DEBUG]	#            0 #          167 #            0 #            0 #
13:02:37 [DEBUG]	#############################################################
13:02:37 [DEBUG]	Proc mem dump
13:02:37 [DEBUG]	####[32m000[0m######[32m001[0m######[32m002[0m######[32m003[0m######[32m004[0m######[32m005[0m######[32m006[0m######[32m007[0m######[32m008[0m######[32m009[0m######[32m00a[0m######[32m00b[0m######[32m00c[0m######[32m00d[0m######[32m00e[0m######[32m00f[0m######[32m010[0m######[32m011[0m######[32m012[0m######[32m013[0m####
13:02:37 [DEBUG]	#00000000 00000000 00000000 00000000 00000000 00000000 00000000 00000000 00000000 00000000 00000000 00000000 00000000 00000000 00000000 00000000 00000000 00000000 00000000 00000000 #
13:02:37 [DEBUG]	######################################################################################################################################################################################
13:02:37 [DEBUG]	Proc stack dump:
13:02:37 [DEBUG]	############
13:02:37 [DEBUG]	#      171 #
13:02:37 [DEBUG]	############
13:02:37 [DEBUG]	Command 42: pop
13:02:37 [DEBUG]	######### Processor dump ######
13:02:37 [DEBUG]	Processor status: 2 
13:02:37 [DEBUG]	IP value: 016b
13:02:37 [DEBUG]	Proc code dump:
13:02:37 [DEBUG]	########################################################################################################################################################
13:02:37 [DEBUG]	#00 00 00 00 42 04 00 00 00 41 02 00 00 00 21 04 00 00 00 03 42 02 00 00 00 [1;31m21 [0m09 00 00 00 E2 02 00 00 00 00 00 00 00 21 00 00 00 00 E2 02 00 00 00 04 #
13:02:37 [DEBUG]	########################################################################################################################################################
13:02:37 [DEBUG]	Proc reg dump
13:02:37 [DEBUG]	#############################################################
13:02:37 [DEBUG]	#            0 #          171 #            0 #            0 #
13:02:37 [DEBUG]	#############################################################
13:02:37 [DEBUG]	Proc mem dump
13:02:37 [DEBUG]	####[32m000[0m######[32m001[0m######[32m002[0m######[32m003[0m######[32m004[0m######[32m005[0m######[32m006[0m######[32m007[0m######[32m008[0m######[32m009[0m######[32m00a[0m######[32m00b[0m######[32m00c[0m######[32m00d[0m######[32m00e[0m######[32m00f[0m######[32m010[0m######[32m011[0m######[32m012[0m######[32m013[0m####
13:02:37 [DEBUG]	#00000000 00000000 00000000 00000000 00000000 00000000 00000000 00000000 00000000 00000000 00000000 00000000 00000000 00000000 00000000 00000000 00000000 00000000 00000000 00000000 #
13:02:37 [DEBUG]	######################################################################################################################################################################################
13:02:37 [DEBUG]	Proc stack dump:
13:02:37 [DEBUG]	############
13:02:37 [DEBUG]	############
13:02:37 [DEBUG]	Command 21: push
13:02:37 [DEBUG]	######### Processor dump ######
13:02:37 [DEBUG]	Processor status: 2 
13:02:37 [DEBUG]	IP value: 0170
13:02:37 [DEBUG]	Proc code dump:
13:02:37 [DEBUG]	########################################################################################################################################################
13:02:37 [DEBUG]	#04 00 00 00 41 02 00 00 00 21 04 00 00 00 03 42 02 00 00 00 21 09 00 00 00 [1;31mE2 [0m02 00 00 00 00 00 00 00 21 00 00 00 00 E2 02 00 00 00 04 00 00 00 38 83 #
13:02:37 [DEBUG]	########################################################################################################################################################
13:02:37 [DEBUG]	Proc reg dump
13:02:37 [DEBUG]	#############################################################
13:02:37 [DEBUG]	#            0 #          171 #            0 #            0 #
13:02:37 [DEBUG]	#############################################################
13:02:37 [DEBUG]	Proc mem dump
13:02:37 [DEBUG]	####[32m000[0m######[32m001[0m######[32m002[0m######[32m003[0m######[32m004[0m######[32m005[0m######[32m006[0m######[32m007[0m######[32m008[0m######[32m009[0m######[32m00a[0m######[32m00b[0m######[32m00c[0m######[32m00d[0m######[32m00e[0m######[32m00f[0m######[32m010[0m######[32m011[0m######[32m012[0m######[32m013[0m####
13:02:37 [DEBUG]	#00000000 00000000 00000000 00000000 00000000 00000000 00000000 00000000 00000000 00000000 00000000 00000000 00000000 00000000 00000000 00000000 00000000 00000000 00000000 00000000 #
13:02:37 [DEBUG]	######################################################################################################################################################################################
13:02:37 [DEBUG]	Proc stack dump:
13:02:37 [DEBUG]	############
13:02:37 [DEBUG]	#        9 #
13:02:37 [DEBUG]	############
13:02:37 [DEBUG]	Command FFFFFFE2: pop
13:02:37 [DEBUG]	######### Processor dump ######
13:02:37 [DEBUG]	Processor status: 2 
13:02:37 [DEBUG]	IP value: 0179
13:02:37 [DEBUG]	Proc code dump:
13:02:37 [DEBUG]	########################################################################################################################################################
13:02:37 [DEBUG]	#21 04 00 00 00 03 42 02 00 00 00 21 09 00 00 00 E2 02 00 00 00 00 00 00 00 [1;31m21 [0m00 00 00 00 E2 02 00 00 00 04 00 00 00 38 83 FF FF FF 41 02 00 00 00 21 #
13:02:37 [DEBUG]	########################################################################################################################################################
13:02:37 [DEBUG]	Proc reg dump
13:02:37 [DEBUG]	#############################################################
13:02:37 [DEBUG]	#            0 #          171 #            0 #            0 #
13:02:37 [DEBUG]	#############################################################
13:02:37 [DEBUG]	Proc mem dump
13:02:37 [DEBUG]	####[32m000[0m######[32m001[0m######[32m002[0m######[32m003[0m######[32m004[0m######[32m005[0m######[32m006[0m######[32m007[0m######[32m008[0m######[32m009[0m######[32m00a[0m######[32m00b[0m######[32m00c[0m######[32m00d[0m######[32m00e[0m######[32m00f[0m######[32m010[0m######[32m011[0m######[32m012[0m######[32m013[0m####
13:02:37 [DEBUG]	#00000000 00000000 00000000 00000000 00000000 00000000 00000000 00000000 00000000 00000000 00000000 00000000 00000000 00000000 00000000 00000000 00000000 00000000 00000000 00000000 #
13:02:37 [DEBUG]	######################################################################################################################################################################################
13:02:37 [DEBUG]	Proc stack dump:
13:02:37 [DEBUG]	############
13:02:37 [DEBUG]	############
13:02:37 [DEBUG]	Command 21: push
13:02:37 [DEBUG]	######### Processor dump ######
13:02:37 [DEBUG]	Processor status: 2 
13:02:37 [DEBUG]	IP value: 017e
13:02:37 [DEBUG]	Proc code dump:
13:02:37 [DEBUG]	########################################################################################################################################################
13:02:37 [DEBUG]	#03 42 02 00 00 00 21 09 00 00 00 E2 02 00 00 00 00 00 00 00 21 00 00 00 00 [1;31mE2 [0m02 00 00 00 04 00 00 00 38 83 FF FF FF 41 02 00 00 00 21 04 00 00 00 04 #
13:02:37 [DEBUG]	########################################################################################################################################################
13:02:37 [DEBUG]	Proc reg dump
13:02:37 [DEBUG]	#############################################################
13:02:37 [DEBUG]	#            0 #          171 #            0 #            0 #
13:02:37 [DEBUG]	#############################################################
13:02:37 [DEBUG]	Proc mem dump
13:02:37 [DEBUG]	####[32m000[0m######[32m001[0m######[32m002[0m######[32m003[0m######[32m004[0m######[32m005[0m######[32m006[0m######[32m007[0m######[32m008[0m######[32m009[0m######[32m00a[0m######[32m00b[0m######[32m00c[0m######[32m00d[0m######[32m00e[0m######[32m00f[0m######[32m010[0m######[32m011[0m######[32m012[0m######[32m013[0m####
13:02:37 [DEBUG]	#00000000 00000000 00000000 00000000 00000000 00000000 00000000 00000000 00000000 00000000 00000000 00000000 00000000 00000000 00000000 00000000 00000000 00000000 00000000 00000000 #
13:02:37 [DEBUG]	######################################################################################################################################################################################
13:02:37 [DEBUG]	Proc stack dump:
13:02:37 [DEBUG]	############
13:02:37 [DEBUG]	#        0 #
13:02:37 [DEBUG]	############
13:02:37 [DEBUG]	Command FFFFFFE2: pop
13:02:37 [DEBUG]	######### Processor dump ######
13:02:37 [DEBUG]	Processor status: 2 
13:02:37 [DEBUG]	IP value: 0187
13:02:37 [DEBUG]	Proc code dump:
13:02:37 [DEBUG]	########################################################################################################################################################
13:02:37 [DEBUG]	#00 00 E2 02 00 00 00 00 00 00 00 21 00 00 00 00 E2 02 00 00 00 04 00 00 00 [1;31m38 [0m83 FF FF FF 41 02 00 00 00 21 04 00 00 00 04 42 02 00 00 00 21 01 00 00 #
13:02:37 [DEBUG]	########################################################################################################################################################
13:02:37 [DEBUG]	Proc reg dump
13:02:37 [DEBUG]	#############################################################
13:02:37 [DEBUG]	#            0 #          171 #            0 #            0 #
13:02:37 [DEBUG]	#############################################################
13:02:37 [DEBUG]	Proc mem dump
13:02:37 [DEBUG]	####[32m000[0m######[32m001[0m######[32m002[0m######[32m003[0m######[32m004[0m######[32m005[0m######[32m006[0m######[32m007[0m######[32m008[0m######[32m009[0m######[32m00a[0m######[32m00b[0m######[32m00c[0m######[32m00d[0m######[32m00e[0m######[32m00f[0m######[32m010[0m######[32m011[0m######[32m012[0m######[32m013[0m####
13:02:37 [DEBUG]	#00000000 00000000 00000000 00000000 00000000 00000000 00000000 00000000 00000000 00000000 00000000 00000000 00000000 00000000 00000000 00000000 00000000 00000000 00000000 00000000 #
13:02:37 [DEBUG]	######################################################################################################################################################################################
13:02:37 [DEBUG]	Proc stack dump:
13:02:37 [DEBUG]	############
13:02:37 [DEBUG]	############
13:02:37 [DEBUG]	Command 38: call
13:02:37 [DEBUG]	######### Processor dump ######
13:02:37 [DEBUG]	Processor status: 2 
13:02:37 [DEBUG]	IP value: 010f
13:02:37 [DEBUG]	Proc code dump:
13:02:37 [DEBUG]	########################################################################################################################################################
13:02:37 [DEBUG]	#00 00 00 00 00 00 00 00 00 00 21 A7 00 00 00 42 02 00 00 00 30 22 00 00 00 [1;31mE2 [0m02 00 00 00 08 00 00 00 E1 02 00 00 00 00 00 00 00 21 0A 00 00 00 03 E1 #
13:02:37 [DEBUG]	########################################################################################################################################################
13:02:37 [DEBUG]	Proc reg dump
13:02:37 [DEBUG]	#############################################################
13:02:37 [DEBUG]	#            0 #          171 #            0 #            0 #
13:02:37 [DEBUG]	#############################################################
13:02:37 [DEBUG]	Proc mem dump
13:02:37 [DEBUG]	####[32m000[0m######[32m001[0m######[32m002[0m######[32m003[0m######[32m004[0m######[32m005[0m######[32m006[0m######[32m007[0m######[32m008[0m######[32m009[0m######[32m00a[0m######[32m00b[0m######[32m00c[0m######[32m00d[0m######[32m00e[0m######[32m00f[0m######[32m010[0m######[32m011[0m######[32m012[0m######[32m013[0m####
13:02:37 [DEBUG]	#00000000 00000000 00000000 00000000 00000000 00000000 00000000 00000000 00000000 00000000 00000000 00000000 00000000 00000000 00000000 00000000 00000000 00000000 00000000 00000000 #
13:02:37 [DEBUG]	######################################################################################################################################################################################
13:02:37 [DEBUG]	Proc stack dump:
13:02:37 [DEBUG]	############
13:02:37 [DEBUG]	#      396 #
13:02:37 [DEBUG]	############
13:02:37 [DEBUG]	Command FFFFFFE2: pop
13:02:37 [DEBUG]	######### Processor dump ######
13:02:37 [DEBUG]	Processor status: 2 
13:02:37 [DEBUG]	IP value: 0118
13:02:37 [DEBUG]	Proc code dump:
13:02:37 [DEBUG]	########################################################################################################################################################
13:02:37 [DEBUG]	#00 21 A7 00 00 00 42 02 00 00 00 30 22 00 00 00 E2 02 00 00 00 08 00 00 00 [1;31mE1 [0m02 00 00 00 00 00 00 00 21 0A 00 00 00 03 E1 02 00 00 00 08 00 00 00 19 #
13:02:37 [DEBUG]	########################################################################################################################################################
13:02:37 [DEBUG]	Proc reg dump
13:02:37 [DEBUG]	#############################################################
13:02:37 [DEBUG]	#            0 #          171 #            0 #            0 #
13:02:37 [DEBUG]	#############################################################
13:02:37 [DEBUG]	Proc mem dump
13:02:37 [DEBUG]	####[32m000[0m######[32m001[0m######[32m002[0m######[32m003[0m######[32m004[0m######[32m005[0m######[32m006[0m######[32m007[0m######[32m008[0m######[32m009[0m######[32m00a[0m######[32m00b[0m######[32m00c[0m######[32m00d[0m######[32m00e[0m######[32m00f[0m######[32m010[0m######[32m011[0m######[32m012[0m######[32m013[0m####
13:02:37 [DEBUG]	#00000000 00000000 00000000 00000000 00000000 00000000 00000000 00000000 00000000 00000000 00000000 00000000 00000000 00000000 00000000 00000000 00000000 00000000 00000000 00000000 #
13:02:37 [DEBUG]	######################################################################################################################################################################################
13:02:37 [DEBUG]	Proc stack dump:
13:02:37 [DEBUG]	############
13:02:37 [DEBUG]	############
13:02:37 [DEBUG]	Command FFFFFFE1: push
13:02:37 [DEBUG]	######### Processor dump ######
13:02:37 [DEBUG]	Processor status: 2 
13:02:37 [DEBUG]	IP value: 0121
13:02:37 [DEBUG]	Proc code dump:
13:02:37 [DEBUG]	########################################################################################################################################################
13:02:37 [DEBUG]	#00 00 30 22 00 00 00 E2 02 00 00 00 08 00 00 00 E1 02 00 00 00 00 00 00 00 [1;31m21 [0m0A 00 00 00 03 E1 02 00 00 00 08 00 00 00 19 61 02 00 00 00 01 00 00 00 #
13:02:37 [DEBUG]	########################################################################################################################################################
13:02:37 [DEBUG]	Proc reg dump
13:02:37 [DEBUG]	#############################################################
13:02:37 [DEBUG]	#            0 #          171 #            0 #            0 #
13:02:37 [DEBUG]	#############################################################
13:02:37 [DEBUG]	Proc mem dump
13:02:37 [DEBUG]	####[32m000[0m######[32m001[0m######[32m002[0m######[32m003[0m######[32m004[0m######[32m005[0m######[32m006[0m######[32m007[0m######[32m008[0m######[32m009[0m######[32m00a[0m######[32m00b[0m######[32m00c[0m######[32m00d[0m######[32m00e[0m######[32m00f[0m######[32m010[0m######[32m011[0m######[32m012[0m######[32m013[0m####
13:02:37 [DEBUG]	#00000000 00000000 00000000 00000000 00000000 00000000 00000000 00000000 00000000 00000000 00000000 00000000 00000000 00000000 00000000 00000000 00000000 00000000 00000000 00000000 #
13:02:37 [DEBUG]	######################################################################################################################################################################################
13:02:37 [DEBUG]	Proc stack dump:
13:02:37 [DEBUG]	############
13:02:37 [DEBUG]	#        9 #
13:02:37 [DEBUG]	############
13:02:37 [DEBUG]	Command 21: push
13:02:37 [DEBUG]	######### Processor dump ######
13:02:37 [DEBUG]	Processor status: 2 
13:02:37 [DEBUG]	IP value: 0126
13:02:37 [DEBUG]	Proc code dump:
13:02:37 [DEBUG]	########################################################################################################################################################
13:02:37 [DEBUG]	#00 00 E2 02 00 00 00 08 00 00 00 E1 02 00 00 00 00 00 00 00 21 0A 00 00 00 [1;31m03 [0mE1 02 00 00 00 08 00 00 00 19 61 02 00 00 00 01 00 00 00 42 04 00 00 00 #
13:02:37 [DEBUG]	########################################################################################################################################################
13:02:37 [DEBUG]	Proc reg dump
13:02:37 [DEBUG]	#############################################################
13:02:37 [DEBUG]	#            0 #          171 #            0 #            0 #
13:02:37 [DEBUG]	#############################################################
13:02:37 [DEBUG]	Proc mem dump
13:02:37 [DEBUG]	####[32m000[0m######[32m001[0m######[32m002[0m######[32m003[0m######[32m004[0m######[32m005[0m######[32m006[0m######[32m007[0m######[32m008[0m######[32m009[0m######[32m00a[0m######[32m00b[0m######[32m00c[0m######[32m00d[0m######[32m00e[0m######[32m00f[0m######[32m010[0m######[32m011[0m######[32m012[0m######[32m013[0m####
13:02:37 [DEBUG]	#00000000 00000000 00000000 00000000 00000000 00000000 00000000 00000000 00000000 00000000 00000000 00000000 00000000 00000000 00000000 00000000 00000000 00000000 00000000 00000000 #
13:02:37 [DEBUG]	######################################################################################################################################################################################
13:02:37 [DEBUG]	Proc stack dump:
13:02:37 [DEBUG]	############
13:02:37 [DEBUG]	#       10 #
13:02:37 [DEBUG]	#        9 #
13:02:37 [DEBUG]	############
13:02:37 [DEBUG]	Command 03: add
13:02:37 [DEBUG]	######### Processor dump ######
13:02:37 [DEBUG]	Processor status: 2 
13:02:37 [DEBUG]	IP value: 0127
13:02:37 [DEBUG]	Proc code dump:
13:02:37 [DEBUG]	########################################################################################################################################################
13:02:37 [DEBUG]	#00 E2 02 00 00 00 08 00 00 00 E1 02 00 00 00 00 00 00 00 21 0A 00 00 00 03 [1;31mE1 [0m02 00 00 00 08 00 00 00 19 61 02 00 00 00 01 00 00 00 42 04 00 00 00 21 #
13:02:37 [DEBUG]	########################################################################################################################################################
13:02:37 [DEBUG]	Proc reg dump
13:02:37 [DEBUG]	#############################################################
13:02:37 [DEBUG]	#            0 #          171 #            0 #            0 #
13:02:37 [DEBUG]	#############################################################
13:02:37 [DEBUG]	Proc mem dump
13:02:37 [DEBUG]	####[32m000[0m######[32m001[0m######[32m002[0m######[32m003[0m######[32m004[0m######[32m005[0m######[32m006[0m######[32m007[0m######[32m008[0m######[32m009[0m######[32m00a[0m######[32m00b[0m######[32m00c[0m######[32m00d[0m######[32m00e[0m######[32m00f[0m######[32m010[0m######[32m011[0m######[32m012[0m######[32m013[0m####
13:02:37 [DEBUG]	#00000000 00000000 00000000 00000000 00000000 00000000 00000000 00000000 00000000 00000000 00000000 00000000 00000000 00000000 00000000 00000000 00000000 00000000 00000000 00000000 #
13:02:37 [DEBUG]	######################################################################################################################################################################################
13:02:37 [DEBUG]	Proc stack dump:
13:02:37 [DEBUG]	############
13:02:37 [DEBUG]	#       19 #
13:02:37 [DEBUG]	############
13:02:37 [DEBUG]	Command FFFFFFE1: push
13:02:37 [DEBUG]	######### Processor dump ######
13:02:37 [DEBUG]	Processor status: 2 
13:02:37 [DEBUG]	IP value: 0130
13:02:37 [DEBUG]	Proc code dump:
13:02:37 [DEBUG]	########################################################################################################################################################
13:02:37 [DEBUG]	#00 E1 02 00 00 00 00 00 00 00 21 0A 00 00 00 03 E1 02 00 00 00 08 00 00 00 [1;31m19 [0m61 02 00 00 00 01 00 00 00 42 04 00 00 00 21 00 00 00 00 E2 02 00 00 00 #
13:02:37 [DEBUG]	########################################################################################################################################################
13:02:37 [DEBUG]	Proc reg dump
13:02:37 [DEBUG]	#############################################################
13:02:37 [DEBUG]	#            0 #          171 #            0 #            0 #
13:02:37 [DEBUG]	#############################################################
13:02:37 [DEBUG]	Proc mem dump
13:02:37 [DEBUG]	####[32m000[0m######[32m001[0m######[32m002[0m######[32m003[0m######[32m004[0m######[32m005[0m######[32m006[0m######[32m007[0m######[32m008[0m######[32m009[0m######[32m00a[0m######[32m00b[0m######[32m00c[0m######[32m00d[0m######[32m00e[0m######[32m00f[0m######[32m010[0m######[32m011[0m######[32m012[0m######[32m013[0m####
13:02:37 [DEBUG]	#00000000 00000000 00000000 00000000 00000000 00000000 00000000 00000000 00000000 00000000 00000000 00000000 00000000 00000000 00000000 00000000 00000000 00000000 00000000 00000000 #
13:02:37 [DEBUG]	######################################################################################################################################################################################
13:02:37 [DEBUG]	Proc stack dump:
13:02:37 [DEBUG]	############
13:02:37 [DEBUG]	#      396 #
13:02:37 [DEBUG]	#       19 #
13:02:37 [DEBUG]	############
13:02:37 [DEBUG]	Command 19: ret
13:02:37 [DEBUG]	######### Processor dump ######
13:02:37 [DEBUG]	Processor status: 2 
13:02:37 [DEBUG]	IP value: 018c
13:02:37 [DEBUG]	Proc code dump:
13:02:37 [DEBUG]	########################################################################################################################################################
13:02:37 [DEBUG]	#00 00 00 00 00 00 21 00 00 00 00 E2 02 00 00 00 04 00 00 00 38 83 FF FF FF [1;31m41 [0m02 00 00 00 21 04 00 00 00 04 42 02 00 00 00 21 01 00 00 00 04 E2 02 00 #
13:02:37 [DEBUG]	########################################################################################################################################################
13:02:37 [DEBUG]	Proc reg dump
13:02:37 [DEBUG]	#############################################################
13:02:37 [DEBUG]	#            0 #          171 #            0 #            0 #
13:02:37 [DEBUG]	#############################################################
13:02:37 [DEBUG]	Proc mem dump
13:02:37 [DEBUG]	####[32m000[0m######[32m001[0m######[32m002[0m######[32m003[0m######[32m004[0m######[32m005[0m######[32m006[0m######[32m007[0m######[32m008[0m######[32m009[0m######[32m00a[0m######[32m00b[0m######[32m00c[0m######[32m00d[0m######[32m00e[0m######[32m00f[0m######[32m010[0m######[32m011[0m######[32m012[0m######[32m013[0m####
13:02:37 [DEBUG]	#00000000 00000000 00000000 00000000 00000000 00000000 00000000 00000000 00000000 00000000 00000000 00000000 00000000 00000000 00000000 00000000 00000000 00000000 00000000 00000000 #
13:02:37 [DEBUG]	######################################################################################################################################################################################
13:02:37 [DEBUG]	Proc stack dump:
13:02:37 [DEBUG]	############
13:02:37 [DEBUG]	#       19 #
13:02:37 [DEBUG]	############
13:02:37 [DEBUG]	Command 41: push
13:02:37 [DEBUG]	######### Processor dump ######
13:02:37 [DEBUG]	Processor status: 2 
13:02:37 [DEBUG]	IP value: 0191
13:02:37 [DEBUG]	Proc code dump:
13:02:37 [DEBUG]	########################################################################################################################################################
13:02:37 [DEBUG]	#00 21 00 00 00 00 E2 02 00 00 00 04 00 00 00 38 83 FF FF FF 41 02 00 00 00 [1;31m21 [0m04 00 00 00 04 42 02 00 00 00 21 01 00 00 00 04 E2 02 00 00 00 00 00 00 #
13:02:37 [DEBUG]	########################################################################################################################################################
13:02:37 [DEBUG]	Proc reg dump
13:02:37 [DEBUG]	#############################################################
13:02:37 [DEBUG]	#            0 #          171 #            0 #            0 #
13:02:37 [DEBUG]	#############################################################
13:02:37 [DEBUG]	Proc mem dump
13:02:37 [DEBUG]	####[32m000[0m######[32m001[0m######[32m002[0m######[32m003[0m######[32m004[0m######[32m005[0m######[32m006[0m######[32m007[0m######[32m008[0m######[32m009[0m######[32m00a[0m######[32m00b[0m######[32m00c[0m######[32m00d[0m######[32m00e[0m######[32m00f[0m######[32m010[0m######[32m011[0m######[32m012[0m######[32m013[0m####
13:02:37 [DEBUG]	#00000000 00000000 00000000 00000000 00000000 00000000 00000000 00000000 00000000 00000000 00000000 00000000 00000000 00000000 00000000 00000000 00000000 00000000 00000000 00000000 #
13:02:37 [DEBUG]	######################################################################################################################################################################################
13:02:37 [DEBUG]	Proc stack dump:
13:02:37 [DEBUG]	############
13:02:37 [DEBUG]	#      171 #
13:02:37 [DEBUG]	#       19 #
13:02:37 [DEBUG]	############
13:02:37 [DEBUG]	Command 21: push
13:02:37 [DEBUG]	######### Processor dump ######
13:02:37 [DEBUG]	Processor status: 2 
13:02:37 [DEBUG]	IP value: 0196
13:02:37 [DEBUG]	Proc code dump:
13:02:37 [DEBUG]	########################################################################################################################################################
13:02:37 [DEBUG]	#00 E2 02 00 00 00 04 00 00 00 38 83 FF FF FF 41 02 00 00 00 21 04 00 00 00 [1;31m04 [0m42 02 00 00 00 21 01 00 00 00 04 E2 02 00 00 00 00 00 00 00 00 00 00 00 #
13:02:37 [DEBUG]	########################################################################################################################################################
13:02:37 [DEBUG]	Proc reg dump
13:02:37 [DEBUG]	#############################################################
13:02:37 [DEBUG]	#            0 #          171 #            0 #            0 #
13:02:37 [DEBUG]	#############################################################
13:02:37 [DEBUG]	Proc mem dump
13:02:37 [DEBUG]	####[32m000[0m######[32m001[0m######[32m002[0m######[32m003[0m######[32m004[0m######[32m005[0m######[32m006[0m######[32m007[0m######[32m008[0m######[32m009[0m######[32m00a[0m######[32m00b[0m######[32m00c[0m######[32m00d[0m######[32m00e[0m######[32m00f[0m######[32m010[0m######[32m011[0m######[32m012[0m######[32m013[0m####
13:02:37 [DEBUG]	#00000000 00000000 00000000 00000000 00000000 00000000 00000000 00000000 00000000 00000000 00000000 00000000 00000000 00000000 00000000 00000000 00000000 00000000 00000000 00000000 #
13:02:37 [DEBUG]	######################################################################################################################################################################################
13:02:37 [DEBUG]	Proc stack dump:
13:02:37 [DEBUG]	############
13:02:37 [DEBUG]	#        4 #
13:02:37 [DEBUG]	#      171 #
13:02:37 [DEBUG]	#       19 #
13:02:37 [DEBUG]	############
13:02:37 [DEBUG]	Command 04: sub
13:02:37 [DEBUG]	######### Processor dump ######
13:02:37 [DEBUG]	Processor status: 2 
13:02:37 [DEBUG]	IP value: 0197
13:02:37 [DEBUG]	Proc code dump:
13:02:37 [DEBUG]	########################################################################################################################################################
13:02:37 [DEBUG]	#E2 02 00 00 00 04 00 00 00 38 83 FF FF FF 41 02 00 00 00 21 04 00 00 00 04 [1;31m42 [0m02 00 00 00 21 01 00 00 00 04 E2 02 00 00 00 00 00 00 00 00 00 00 00 00 #
13:02:37 [DEBUG]	########################################################################################################################################################
13:02:37 [DEBUG]	Proc reg dump
13:02:37 [DEBUG]	#############################################################
13:02:37 [DEBUG]	#            0 #          171 #            0 #            0 #
13:02:37 [DEBUG]	#############################################################
13:02:37 [DEBUG]	Proc mem dump
13:02:37 [DEBUG]	####[32m000[0m######[32m001[0m######[32m002[0m######[32m003[0m######[32m004[0m######[32m005[0m######[32m006[0m######[32m007[0m######[32m008[0m######[32m009[0m######[32m00a[0m######[32m00b[0m######[32m00c[0m######[32m00d[0m######[32m00e[0m######[32m00f[0m######[32m010[0m######[32m011[0m######[32m012[0m######[32m013[0m####
13:02:37 [DEBUG]	#00000000 00000000 00000000 00000000 00000000 00000000 00000000 00000000 00000000 00000000 00000000 00000000 00000000 00000000 00000000 00000000 00000000 00000000 00000000 00000000 #
13:02:37 [DEBUG]	######################################################################################################################################################################################
13:02:37 [DEBUG]	Proc stack dump:
13:02:37 [DEBUG]	############
13:02:37 [DEBUG]	#      167 #
13:02:37 [DEBUG]	#       19 #
13:02:37 [DEBUG]	############
13:02:37 [DEBUG]	Command 42: pop
13:02:37 [DEBUG]	######### Processor dump ######
13:02:37 [DEBUG]	Processor status: 2 
13:02:37 [DEBUG]	IP value: 019c
13:02:37 [DEBUG]	Proc code dump:
13:02:37 [DEBUG]	########################################################################################################################################################
13:02:37 [DEBUG]	#04 00 00 00 38 83 FF FF FF 41 02 00 00 00 21 04 00 00 00 04 42 02 00 00 00 [1;31m21 [0m01 00 00 00 04 E2 02 00 00 00 00 00 00 00 00 00 00 00 00 00 00 00 00 00 #
13:02:37 [DEBUG]	########################################################################################################################################################
13:02:37 [DEBUG]	Proc reg dump
13:02:37 [DEBUG]	#############################################################
13:02:37 [DEBUG]	#            0 #          167 #            0 #            0 #
13:02:37 [DEBUG]	#############################################################
13:02:37 [DEBUG]	Proc mem dump
13:02:37 [DEBUG]	####[32m000[0m######[32m001[0m######[32m002[0m######[32m003[0m######[32m004[0m######[32m005[0m######[32m006[0m######[32m007[0m######[32m008[0m######[32m009[0m######[32m00a[0m######[32m00b[0m######[32m00c[0m######[32m00d[0m######[32m00e[0m######[32m00f[0m######[32m010[0m######[32m011[0m######[32m012[0m######[32m013[0m####
13:02:37 [DEBUG]	#00000000 00000000 00000000 00000000 00000000 00000000 00000000 00000000 00000000 00000000 00000000 00000000 00000000 00000000 00000000 00000000 00000000 00000000 00000000 00000000 #
13:02:37 [DEBUG]	######################################################################################################################################################################################
13:02:37 [DEBUG]	Proc stack dump:
13:02:37 [DEBUG]	############
13:02:37 [DEBUG]	#       19 #
13:02:37 [DEBUG]	############
13:02:37 [DEBUG]	Command 21: push
13:02:37 [DEBUG]	######### Processor dump ######
13:02:37 [DEBUG]	Processor status: 2 
13:02:37 [DEBUG]	IP value: 01a1
13:02:37 [DEBUG]	Proc code dump:
13:02:37 [DEBUG]	########################################################################################################################################################
13:02:37 [DEBUG]	#83 FF FF FF 41 02 00 00 00 21 04 00 00 00 04 42 02 00 00 00 21 01 00 00 00 [1;31m04 [0mE2 02 00 00 00 00 00 00 00 00 00 00 00 00 00 00 00 00 00 00 00 00 00 00 #
13:02:37 [DEBUG]	########################################################################################################################################################
13:02:37 [DEBUG]	Proc reg dump
13:02:37 [DEBUG]	#############################################################
13:02:37 [DEBUG]	#            0 #          167 #            0 #            0 #
13:02:37 [DEBUG]	#############################################################
13:02:37 [DEBUG]	Proc mem dump
13:02:37 [DEBUG]	####[32m000[0m######[32m001[0m######[32m002[0m######[32m003[0m######[32m004[0m######[32m005[0m######[32m006[0m######[32m007[0m######[32m008[0m######[32m009[0m######[32m00a[0m######[32m00b[0m######[32m00c[0m######[32m00d[0m######[32m00e[0m######[32m00f[0m######[32m010[0m######[32m011[0m######[32m012[0m######[32m013[0m####
13:02:37 [DEBUG]	#00000000 00000000 00000000 00000000 00000000 00000000 00000000 00000000 00000000 00000000 00000000 00000000 00000000 00000000 00000000 00000000 00000000 00000000 00000000 00000000 #
13:02:37 [DEBUG]	######################################################################################################################################################################################
13:02:37 [DEBUG]	Proc stack dump:
13:02:37 [DEBUG]	############
13:02:37 [DEBUG]	#        1 #
13:02:37 [DEBUG]	#       19 #
13:02:37 [DEBUG]	############
13:02:37 [DEBUG]	Command 04: sub
13:02:37 [DEBUG]	######### Processor dump ######
13:02:37 [DEBUG]	Processor status: 2 
13:02:37 [DEBUG]	IP value: 01a2
13:02:37 [DEBUG]	Proc code dump:
13:02:37 [DEBUG]	########################################################################################################################################################
13:02:37 [DEBUG]	#FF FF FF 41 02 00 00 00 21 04 00 00 00 04 42 02 00 00 00 21 01 00 00 00 04 [1;31mE2 [0m02 00 00 00 00 00 00 00 00 00 00 00 00 00 00 00 00 00 00 00 00 00 00 00 #
13:02:37 [DEBUG]	########################################################################################################################################################
13:02:37 [DEBUG]	Proc reg dump
13:02:37 [DEBUG]	#############################################################
13:02:37 [DEBUG]	#            0 #          167 #            0 #            0 #
13:02:37 [DEBUG]	#############################################################
13:02:37 [DEBUG]	Proc mem dump
13:02:37 [DEBUG]	####[32m000[0m######[32m001[0m######[32m002[0m######[32m003[0m######[32m004[0m######[32m005[0m######[32m006[0m######[32m007[0m######[32m008[0m######[32m009[0m######[32m00a[0m######[32m00b[0m######[32m00c[0m######[32m00d[0m######[32m00e[0m######[32m00f[0m######[32m010[0m######[32m011[0m######[32m012[0m######[32m013[0m####
13:02:37 [DEBUG]	#00000000 00000000 00000000 00000000 00000000 00000000 00000000 00000000 00000000 00000000 00000000 00000000 00000000 00000000 00000000 00000000 00000000 00000000 00000000 00000000 #
13:02:37 [DEBUG]	######################################################################################################################################################################################
13:02:37 [DEBUG]	Proc stack dump:
13:02:37 [DEBUG]	############
13:02:37 [DEBUG]	#       18 #
13:02:37 [DEBUG]	############
13:02:37 [DEBUG]	Command FFFFFFE2: pop

13:02:37 [DEBUG]	######### Processor dump ######
13:02:37 [DEBUG]	Processor status: 2 
13:02:37 [DEBUG]	IP value: 01ab
13:02:37 [DEBUG]	Proc code dump:
13:02:37 [DEBUG]	########################################################################################################################################################
13:02:37 [DEBUG]	#04 00 00 00 04 42 02 00 00 00 21 01 00 00 00 04 E2 02 00 00 00 00 00 00 00 [1;31m00 [0m00 00 00 00 00 00 00 00 00 00 00 00 00 00 00 00 00 00 00 00 00 00 00 00 #
13:02:37 [DEBUG]	########################################################################################################################################################
13:02:37 [DEBUG]	Proc reg dump
13:02:37 [DEBUG]	#############################################################
13:02:37 [DEBUG]	#            0 #          167 #            0 #            0 #
13:02:37 [DEBUG]	#############################################################
13:02:37 [DEBUG]	Proc mem dump
13:02:37 [DEBUG]	####[32m000[0m######[32m001[0m######[32m002[0m######[32m003[0m######[32m004[0m######[32m005[0m######[32m006[0m######[32m007[0m######[32m008[0m######[32m009[0m######[32m00a[0m######[32m00b[0m######[32m00c[0m######[32m00d[0m######[32m00e[0m######[32m00f[0m######[32m010[0m######[32m011[0m######[32m012[0m######[32m013[0m####
13:02:37 [DEBUG]	#00000000 00000000 00000000 00000000 00000000 00000000 00000000 00000000 00000000 00000000 00000000 00000000 00000000 00000000 00000000 00000000 00000000 00000000 00000000 00000000 #
13:02:37 [DEBUG]	######################################################################################################################################################################################
13:02:37 [DEBUG]	Proc stack dump:
13:02:37 [DEBUG]	############
13:02:37 [DEBUG]	############
13:02:37 [DEBUG]	Command 00: hlt
13:02:37 [INFO ]	Programm finished with code: 0
