0000 aip END_OF_FILE 3A 05 05 00 00 
0005 pop bx          42 02 00 00 00 
000a jmp MAIN:       30 6F 00 00 00 
000f LESS
000f pop ax          42 01 00 00 00 
0014 jb TRUE:        33 5A 00 00 00 
0019 jmp FALSE:      30 4B 00 00 00 
001e LESS_EQ
001e pop ax          42 01 00 00 00 
0023 jbe TRUE:       34 4B 00 00 00 
0028 jmp FALSE:      30 3C 00 00 00 
002d GRTR
002d pop ax          42 01 00 00 00 
0032 ja TRUE:        31 3C 00 00 00 
0037 jmp FALSE:      30 2D 00 00 00 
003c GRTR_EQ
003c pop ax          42 01 00 00 00 
0041 jae TRUE:       32 2D 00 00 00 
0046 jmp FALSE:      30 1E 00 00 00 
004b EQUAL
004b pop ax          42 01 00 00 00 
0050 je TRUE:        35 1E 00 00 00 
0055 jmp FALSE:      30 0F 00 00 00 
005a NON_EQ
005a pop ax          42 01 00 00 00 
005f jne TRUE:       36 0F 00 00 00 
0064 jmp FALSE:      30 00 00 00 00 
0069 FALSE
0069 push 0          21 00 00 00 00 
006e jmp COMP_RET:   30 05 00 00 00 
0073 TRUE
0073 push 1          21 01 00 00 00 
0078 COMP_RET
0078 push ax         41 01 00 00 00 
007d ret             19 
007e MAIN
007e 		jmp FUNC_END_ 30 DF 00 00 00 
0083 FUNC_BEG_1
0083 		pop [bx+4]    E2 02 00 00 00 04 00 00 00 
008c 					push [bx+0 E1 02 00 00 00 00 00 00 00 
0095 					push 0     21 00 00 00 00 
009a 				call LESS:  38 70 FF FF FF 
009f 			push 0       21 00 00 00 00 
00a4 			je ELSE_0x62 35 10 00 00 00 
00a9 					push 0     21 00 00 00 00 
00ae 					push 1     21 01 00 00 00 
00b3 				sub         04 
00b4 			jmp END_IF_0 30 9F 00 00 00 
00b9 ELSE_0x622000000220
00b9 						push 0    21 00 00 00 00 
00be 					pop [bx+8] E2 02 00 00 00 08 00 00 00 
00c7 					push[bx+8] E1 02 00 00 00 08 00 00 00 
00d0 				pop dx      42 04 00 00 00 
00d5 					push bx    41 02 00 00 00 
00da 					push 12    21 0C 00 00 00 
00df 					add        03 
00e0 					pop bx     42 02 00 00 00 
00e5 WHILE_BEG_0x622000000310
00e5 								push [b E1 02 00 00 00 FC FF FF FF 
00ee 								push [b E1 02 00 00 00 FC FF FF FF 
00f7 							mul      05 
00f8 							push [bx E1 02 00 00 00 F4 FF FF FF 
0101 						call LESS 38 09 FF FF FF 
0106 					push 0     21 00 00 00 00 
010b 					je WHILE_E 35 2F 00 00 00 
0110 						push [bx+ E1 02 00 00 00 FC FF FF FF 
0119 						push 1    21 01 00 00 00 
011e 						add       03 
011f 						pop [bx+- E2 02 00 00 00 FC FF FF FF 
0128 						push [bx+ E1 02 00 00 00 FC FF FF FF 
0131 					pop [bx+0] E2 02 00 00 00 00 00 00 00 
013a 					jmp WHILE_ 30 A6 FF FF FF 
013f WHILE_END_0x622000000310
013f 					push [bx+0 E1 02 00 00 00 00 00 00 00 
0148 					push bx    41 02 00 00 00 
014d 					push 12    21 0C 00 00 00 
0152 					sub        04 
0153 					pop bx     42 02 00 00 00 
0158 END_IF_0x622000000220
0158 		push [bx+4]   E1 02 00 00 00 04 00 00 00 
0161 		ret           19 
0162 FUNC_END_1
0162 		push bx + 1   61 02 00 00 00 01 00 00 00 
016b 	pop dx         42 04 00 00 00 
0170 			jmp FUNC_END 30 AC 00 00 00 
0175 FUNC_BEG_4
0175 			pop [bx+8]   E2 02 00 00 00 08 00 00 00 
017e 						push 100  21 64 00 00 00 
0183 					pop [bx+12 E2 02 00 00 00 0C 00 00 00 
018c 					push[bx+12 E1 02 00 00 00 0C 00 00 00 
0195 				pop dx      42 04 00 00 00 
019a 						push [bx+ E1 02 00 00 00 00 00 00 00 
01a3 					push 0     21 00 00 00 00 
01a8 					je ELSE_0x 35 42 00 00 00 
01ad 										push  21 00 00 00 00 
01b2 											push E1 02 00 00 00 0C 00 00 00 
01bb 											push E1 02 00 00 00 04 00 00 00 
01c4 										mul   05 
01c5 									sub    04 
01c6 									push [ E1 02 00 00 00 00 00 00 00 
01cf 								div     06 
01d0 							pop dx   42 04 00 00 00 
01d5 							push dx  41 04 00 00 00 
01da 							push dx  41 04 00 00 00 
01df 							out      07 
01e0 						pop dx    42 04 00 00 00 
01e5 							push 1   21 01 00 00 00 
01ea 					jmp END_IF 30 28 00 00 00 
01ef ELSE_0x6220000005e0
01ef 							push [bx E1 02 00 00 00 04 00 00 00 
01f8 						push 0    21 00 00 00 00 
01fd 						je ELSE_0 35 0A 00 00 00 
0202 							push 0   21 00 00 00 00 
0207 						jmp END_I 30 0B 00 00 00 
020c ELSE_0x6220000007a8
020c 								push 0  21 00 00 00 00 
0211 								push 1  21 01 00 00 00 
0216 							sub      04 
0217 END_IF_0x6220000007a8
0217 END_IF_0x6220000005e0
0217 			push [bx+8]  E1 02 00 00 00 08 00 00 00 
0220 			ret          19 
0221 FUNC_END_4
0221 			push bx + 4  61 02 00 00 00 04 00 00 00 
022a 		pop dx        42 04 00 00 00 
022f 				jmp FUNC_EN 30 81 02 00 00 
0234 FUNC_BEG_8
0234 				pop [bx+12] E2 02 00 00 00 0C 00 00 00 
023d 							push 100 21 64 00 00 00 
0242 						pop [bx+1 E2 02 00 00 00 10 00 00 00 
024b 						push[bx+1 E1 02 00 00 00 10 00 00 00 
0254 					pop dx     42 04 00 00 00 
0259 							push [bx E1 02 00 00 00 00 00 00 00 
0262 						push 0    21 00 00 00 00 
0267 						je ELSE_0 35 F6 01 00 00 
026c 											push E1 02 00 00 00 04 00 00 00 
0275 											push E1 02 00 00 00 04 00 00 00 
027e 										mul   05 
027f 												pus 21 01 00 00 00 
0284 													pu 21 01 00 00 00 
0289 														p 21 01 00 00 00 
028e 														p 21 01 00 00 00 
0293 													ad 03 
0294 												add 03 
0295 											add  03 
0296 												pus E1 02 00 00 00 00 00 00 00 
029f 												pus E1 02 00 00 00 08 00 00 00 
02a8 											mul  05 
02a9 										mul   05 
02aa 									sub    04 
02ab 								pop [bx E2 02 00 00 00 14 00 00 00 
02b4 								push[bx E1 02 00 00 00 14 00 00 00 
02bd 							pop dx   42 04 00 00 00 
02c2 										push  E1 02 00 00 00 14 00 00 00 
02cb 										push  21 00 00 00 00 
02d0 									call L 38 3A FD FF FF 
02d5 								push 0  21 00 00 00 00 
02da 								je ELSE 35 0A 00 00 00 
02df 									push 0 21 00 00 00 00 
02e4 								jmp END 30 74 01 00 00 
02e9 ELSE_0x622000000d00
02e9 											push 41 02 00 00 00 
02ee 											push 21 18 00 00 00 
02f3 											add  03 
02f4 											pop  42 02 00 00 00 
02f9 													pu E1 02 00 00 00 F8 FF FF FF 
0302 														p E1 02 00 00 00 F8 FF FF FF 
030b 														p E1 02 00 00 00 FC FF FF FF 
0314 													mu 05 
0315 												mul 05 
0316 											pop  E2 02 00 00 00 00 00 00 00 
031f 											call 38 5F FD FF FF 
0324 											push 41 02 00 00 00 
0329 											push 21 18 00 00 00 
032e 											sub  04 
032f 											pop  42 02 00 00 00 
0334 										pop [ E2 02 00 00 00 14 00 00 00 
033d 										push  E1 02 00 00 00 14 00 00 00 
0346 									pop dx 42 04 00 00 00 
034b 												pus E1 02 00 00 00 14 00 00 00 
0354 												pus 21 00 00 00 00 
0359 											call 38 ED FC FF FF 
035e 										push  21 00 00 00 00 
0363 										je EL 35 4E 00 00 00 
0368 														p E1 02 00 00 00 10 00 00 00 
0371 															 21 00 00 00 00 
0376 															 E1 02 00 00 00 04 00 00 00 
037f 															 04 
0380 															 21 01 00 00 00 
0385 															 21 01 00 00 00 
038a 															 03 
038b 															 E1 02 00 00 00 00 00 00 00 
0394 															 05 
0395 														d 06 
0396 													mu 05 
0397 												pop 42 04 00 00 00 
039c 												pus 41 04 00 00 00 
03a1 												pus 41 04 00 00 00 
03a6 												out 07 
03a7 											pop  42 04 00 00 00 
03ac 												pus 21 01 00 00 00 
03b1 										jmp E 30 A7 00 00 00 
03b6 ELSE_0x622000000ee0
03b6 															 E1 02 00 00 00 10 00 00 00 
03bf 															 21 00 00 00 00 
03c4 															 E1 02 00 00 00 04 00 00 00 
03cd 															 04 
03ce 															 05 
03cf 															 E1 02 00 00 00 14 00 00 00 
03d8 														a 03 
03d9 															 21 01 00 00 00 
03de 															 21 01 00 00 00 
03e3 															 03 
03e4 															 E1 02 00 00 00 00 00 00 00 
03ed 														m 05 
03ee 													di 06 
03ef 												pop 42 04 00 00 00 
03f4 												pus 41 04 00 00 00 
03f9 												pus 41 04 00 00 00 
03fe 												out 07 
03ff 											pop  42 04 00 00 00 
0404 															 E1 02 00 00 00 10 00 00 00 
040d 															 21 00 00 00 00 
0412 															 E1 02 00 00 00 04 00 00 00 
041b 															 04 
041c 															 05 
041d 															 E1 02 00 00 00 14 00 00 00 
0426 															 04 
0427 															 21 01 00 00 00 
042c 															 21 01 00 00 00 
0431 															 03 
0432 															 E1 02 00 00 00 00 00 00 00 
043b 															 05 
043c 														d 06 
043d 													po 42 04 00 00 00 
0442 													pu 41 04 00 00 00 
0447 													pu 41 04 00 00 00 
044c 													ou 07 
044d 												pop 42 04 00 00 00 
0452 														p 21 01 00 00 00 
0457 														p 21 01 00 00 00 
045c 													ad 03 
045d END_IF_0x622000000ee0
045d END_IF_0x622000000d00
045d 						jmp END_I 30 49 00 00 00 
0462 ELSE_0x622000000a60
0462 							push bx  41 02 00 00 00 
0467 							push 24  21 18 00 00 00 
046c 							add      03 
046d 							pop bx   42 02 00 00 00 
0472 								push [b E1 02 00 00 00 EC FF FF FF 
047b 							pop [bx+ E2 02 00 00 00 00 00 00 00 
0484 								push [b E1 02 00 00 00 F0 FF FF FF 
048d 							pop [bx+ E2 02 00 00 00 04 00 00 00 
0496 							call FUN 38 DA FC FF FF 
049b 							push bx  41 02 00 00 00 
04a0 							push 24  21 18 00 00 00 
04a5 							sub      04 
04a6 							pop bx   42 02 00 00 00 
04ab END_IF_0x622000000a60
04ab 				push [bx+12 E1 02 00 00 00 0C 00 00 00 
04b4 				ret         19 
04b5 FUNC_END_8
04b5 				push bx + 8 61 02 00 00 00 08 00 00 00 
04be 			pop dx       42 04 00 00 00 
04c3 				push bx     41 02 00 00 00 
04c8 				push 0      21 00 00 00 00 
04cd 				add         03 
04ce 				pop bx      42 02 00 00 00 
04d3 					in         08 
04d4 				pop [bx+0]  E2 02 00 00 00 00 00 00 00 
04dd 					in         08 
04de 				pop [bx+4]  E2 02 00 00 00 04 00 00 00 
04e7 					in         08 
04e8 				pop [bx+8]  E2 02 00 00 00 08 00 00 00 
04f1 				call FUNC_B 38 3E FD FF FF 
04f6 				push bx     41 02 00 00 00 
04fb 				push 0      21 00 00 00 00 
0500 				sub         04 
0501 				pop bx      42 02 00 00 00 
0506 out             07 
0507 draw            1E 
0508 in              08 
0509 hlt             00 
050a END_OF_FILE
