0000 aip END_OF_FILE 3A C4 01 00 00 
0005 pop bx          42 02 00 00 00 
000a jmp MAIN:       30 6F 00 00 00 
000f LESS
000f pop ax          42 01 00 00 00 
0014 jb TRUE:        33 5A 00 00 00 
0019 jmp FALSE:      30 4B 00 00 00 
001e LESS_EQ
001e pop ax          42 01 00 00 00 
0023 jbe TRUE:       34 4B 00 00 00 
0028 jmp FALSE:      30 3C 00 00 00 
002d GRTR
002d pop ax          42 01 00 00 00 
0032 ja TRUE:        31 3C 00 00 00 
0037 jmp FALSE:      30 2D 00 00 00 
003c GRTR_EQ
003c pop ax          42 01 00 00 00 
0041 jae TRUE:       32 2D 00 00 00 
0046 jmp FALSE:      30 1E 00 00 00 
004b EQUAL
004b pop ax          42 01 00 00 00 
0050 je TRUE:        35 1E 00 00 00 
0055 jmp FALSE:      30 0F 00 00 00 
005a NON_EQ
005a pop ax          42 01 00 00 00 
005f jne TRUE:       36 0F 00 00 00 
0064 jmp FALSE:      30 00 00 00 00 
0069 FALSE
0069 push 0          21 00 00 00 00 
006e jmp COMP_RET:   30 05 00 00 00 
0073 TRUE
0073 push 1          21 01 00 00 00 
0078 COMP_RET
0078 push ax         41 01 00 00 00 
007d ret             19 
007e MAIN
007e 		jmp FUNC_END_ 30 77 00 00 00 
0083 FUNC_BEG_1
0083 		pop [bx+4]    E2 02 00 00 00 04 00 00 00 
008c 				push [bx+0] E1 02 00 00 00 00 00 00 00 
0095 			push 0       21 00 00 00 00 
009a 			je ELSE_0x61 35 4C 00 00 00 
009f 					push [bx+0 E1 02 00 00 00 00 00 00 00 
00a8 					push bx    41 02 00 00 00 
00ad 					push 8     21 08 00 00 00 
00b2 					add        03 
00b3 					pop bx     42 02 00 00 00 
00b8 							push [bx E1 02 00 00 00 F8 FF FF FF 
00c1 							push 1   21 01 00 00 00 
00c6 						sub       04 
00c7 					pop [bx+0] E2 02 00 00 00 00 00 00 00 
00d0 					call FUNC_ 38 AE FF FF FF 
00d5 					push bx    41 02 00 00 00 
00da 					push 8     21 08 00 00 00 
00df 					sub        04 
00e0 					pop bx     42 02 00 00 00 
00e5 				mul         05 
00e6 			jmp END_IF_0 30 05 00 00 00 
00eb ELSE_0x619000000140
00eb 				push 1      21 01 00 00 00 
00f0 END_IF_0x619000000140
00f0 		push [bx+4]   E1 02 00 00 00 04 00 00 00 
00f9 		ret           19 
00fa FUNC_END_1
00fa 		push bx + 1   61 02 00 00 00 01 00 00 00 
0103 	pop dx         42 04 00 00 00 
0108 					push 1     21 01 00 00 00 
010d 						push 9    21 09 00 00 00 
0112 						push 9    21 09 00 00 00 
0117 					add        03 
0118 				shl         0B 
0119 			pop [bx+0]   E2 02 00 00 00 00 00 00 00 
0122 			push[bx+0]   E1 02 00 00 00 00 00 00 00 
012b 		pop dx        42 04 00 00 00 
0130 				push bx     41 02 00 00 00 
0135 				push 4      21 04 00 00 00 
013a 				add         03 
013b 				pop bx      42 02 00 00 00 
0140 WHILE_BEG_0x6190000003b0
0140 					push [bx+- E1 02 00 00 00 FC FF FF FF 
0149 					push 1     21 01 00 00 00 
014e 					sub        04 
014f 					pop [bx+-4 E2 02 00 00 00 FC FF FF FF 
0158 					push [bx+- E1 02 00 00 00 FC FF FF FF 
0161 				push 0      21 00 00 00 00 
0166 				je WHILE_EN 35 41 00 00 00 
016b 					push bx    41 02 00 00 00 
0170 					push 4     21 04 00 00 00 
0175 					add        03 
0176 					pop bx     42 02 00 00 00 
017b 						push 9    21 09 00 00 00 
0180 					pop [bx+0] E2 02 00 00 00 00 00 00 00 
0189 					call FUNC_ 38 F5 FE FF FF 
018e 					push bx    41 02 00 00 00 
0193 					push 4     21 04 00 00 00 
0198 					sub        04 
0199 					pop bx     42 02 00 00 00 
019e 				pop [bx+0]  E2 02 00 00 00 00 00 00 00 
01a7 				jmp WHILE_B 30 94 FF FF FF 
01ac WHILE_END_0x6190000003b0
01ac 				push [bx+0] E1 02 00 00 00 00 00 00 00 
01b5 				push bx     41 02 00 00 00 
01ba 				push 4      21 04 00 00 00 
01bf 				sub         04 
01c0 				pop bx      42 02 00 00 00 
01c5 out             07 
01c6 draw            1E 
01c7 in              08 
01c8 hlt             00 
01c9 END_OF_FILE
